<?xml version="1.0" encoding="UTF-8"?>
<testsuite xmlns:xsi="http://www.w3.org/2001/XMLSchema-instance" xsi:noNamespaceSchemaLocation="https://maven.apache.org/surefire/maven-surefire-plugin/xsd/surefire-test-report.xsd" name="cn.asyysy.platform.PlatformApplicationTests" time="7.733" tests="2" errors="0" skipped="0" failures="0">
  <properties>
[...]
</properties>
  <testcase name="getWindows7MACAddress" classname="cn.asyysy.platform.PlatformApplicationTests" time="0.686"/>
  <testcase name="contextLoads" classname="cn.asyysy.platform.PlatformApplicationTests" time="0.002"/>
</testsuite>